Mar-20 14:28:01.856 [main] DEBUG nextflow.cli.Launcher - $> nextflow run hello.nf -resume --greeting 'lewifg wewywef veyvewf eywfbwe yfweyofw woqfog'
Mar-20 14:28:01.953 [main] INFO  nextflow.cli.CmdRun - N E X T F L O W  ~  version 22.10.7
Mar-20 14:28:01.978 [main] DEBUG nextflow.plugin.PluginsFacade - Setting up plugin manager > mode=prod; embedded=false; plugins-dir=/home/richel/.nextflow/plugins; core-plugins: nf-amazon@1.11.4,nf-azure@0.14.2,nf-codecommit@0.1.2,nf-console@1.0.4,nf-ga4gh@1.0.4,nf-google@1.4.5,nf-tower@1.5.6,nf-wave@0.5.4
Mar-20 14:28:01.996 [main] INFO  org.pf4j.DefaultPluginStatusProvider - Enabled plugins: []
Mar-20 14:28:01.997 [main] INFO  org.pf4j.DefaultPluginStatusProvider - Disabled plugins: []
Mar-20 14:28:02.002 [main] INFO  org.pf4j.DefaultPluginManager - PF4J version 3.4.1 in 'deployment' mode
Mar-20 14:28:02.017 [main] INFO  org.pf4j.AbstractPluginManager - No plugins
Mar-20 14:28:02.109 [main] DEBUG nextflow.cli.CmdRun - Applied DSL=2 by global default
Mar-20 14:28:02.133 [main] INFO  nextflow.cli.CmdRun - Launching `hello.nf` [cranky_wescoff] DSL2 - revision: 55ee30af05
Mar-20 14:28:02.134 [main] DEBUG nextflow.plugin.PluginsFacade - Plugins default=[]
Mar-20 14:28:02.135 [main] DEBUG nextflow.plugin.PluginsFacade - Plugins resolved requirement=[]
Mar-20 14:28:02.148 [main] DEBUG nextflow.secret.LocalSecretsProvider - Secrets store: /home/richel/.nextflow/secrets/store.json
Mar-20 14:28:02.159 [main] DEBUG nextflow.secret.SecretsLoader - Discovered secrets providers: [nextflow.secret.LocalSecretsProvider@7b44b63d] - activable => nextflow.secret.LocalSecretsProvider@7b44b63d
Mar-20 14:28:02.300 [main] DEBUG nextflow.Session - Session UUID: 5a0a089e-0466-44db-8645-b7fc7040d635
Mar-20 14:28:02.300 [main] DEBUG nextflow.Session - Run name: cranky_wescoff
Mar-20 14:28:02.300 [main] DEBUG nextflow.Session - Executor pool size: 8
Mar-20 14:28:02.316 [main] DEBUG nextflow.util.ThreadPoolBuilder - Creating thread pool 'FileTransfer' minSize=10; maxSize=24; workQueue=LinkedBlockingQueue[10000]; allowCoreThreadTimeout=false
Mar-20 14:28:02.358 [main] DEBUG nextflow.cli.CmdRun - 
  Version: 22.10.7 build 5853
  Created: 18-02-2023 20:32 UTC (21:32 CEST)
  System: Linux 5.19.0-35-generic
  Runtime: Groovy 3.0.13 on OpenJDK 64-Bit Server VM 11.0.18+10-post-Ubuntu-0ubuntu122.04
  Encoding: UTF-8 (UTF-8)
  Process: 21089@richel-N141CU [127.0.1.1]
  CPUs: 8 - Mem: 7.5 GB (1.8 GB) - Swap: 20 GB (20 GB)
Mar-20 14:28:02.391 [main] DEBUG nextflow.Session - Work-dir: /home/richel/GitHubs/nextflow_example_2/nf-training/work [ext2/ext3]
Mar-20 14:28:02.391 [main] DEBUG nextflow.Session - Script base path does not exist or is not a directory: /home/richel/GitHubs/nextflow_example_2/nf-training/bin
Mar-20 14:28:02.404 [main] DEBUG nextflow.executor.ExecutorFactory - Extension executors providers=[]
Mar-20 14:28:02.418 [main] DEBUG nextflow.Session - Observer factory: DefaultObserverFactory
Mar-20 14:28:02.446 [main] DEBUG nextflow.cache.CacheFactory - Using Nextflow cache factory: nextflow.cache.DefaultCacheFactory
Mar-20 14:28:02.459 [main] DEBUG nextflow.util.CustomThreadPool - Creating default thread pool > poolSize: 9; maxThreads: 1000
Mar-20 14:28:02.608 [main] DEBUG nextflow.Session - Session start
Mar-20 14:28:03.667 [main] DEBUG nextflow.script.ScriptRunner - > Launching execution
Mar-20 14:28:03.873 [main] DEBUG nextflow.executor.ExecutorFactory - << taskConfig executor: null
Mar-20 14:28:03.873 [main] DEBUG nextflow.executor.ExecutorFactory - >> processorType: 'local'
Mar-20 14:28:03.887 [main] DEBUG nextflow.executor.Executor - [warm up] executor > local
Mar-20 14:28:03.898 [main] DEBUG n.processor.LocalPollingMonitor - Creating local task monitor for executor 'local' > cpus=8; memory=7.5 GB; capacity=8; pollInterval=100ms; dumpInterval=5m
Mar-20 14:28:04.162 [main] DEBUG nextflow.executor.ExecutorFactory - << taskConfig executor: null
Mar-20 14:28:04.162 [main] DEBUG nextflow.executor.ExecutorFactory - >> processorType: 'local'
Mar-20 14:28:04.193 [main] DEBUG nextflow.Session - Workflow process names [dsl2]: SPLITLETTERS, CONVERTTOUPPER
Mar-20 14:28:04.194 [main] DEBUG nextflow.Session - Igniting dataflow network (3)
Mar-20 14:28:04.194 [main] DEBUG nextflow.processor.TaskProcessor - Starting process > SPLITLETTERS
Mar-20 14:28:04.196 [main] DEBUG nextflow.processor.TaskProcessor - Starting process > CONVERTTOUPPER
Mar-20 14:28:04.196 [main] DEBUG nextflow.script.ScriptRunner - > Awaiting termination 
Mar-20 14:28:04.197 [main] DEBUG nextflow.Session - Session await
Mar-20 14:28:04.414 [Task submitter] DEBUG n.executor.local.LocalTaskHandler - Launch cmd line: /bin/bash -ue .command.run
Mar-20 14:28:04.418 [Task submitter] INFO  nextflow.Session - [c1/cae3bb] Submitted process > SPLITLETTERS (1)
Mar-20 14:28:04.442 [Task monitor] DEBUG n.processor.TaskPollingMonitor - Task completed > TaskHandler[id: 1; name: SPLITLETTERS (1); status: COMPLETED; exit: 0; error: -; workDir: /home/richel/GitHubs/nextflow_example_2/nf-training/work/c1/cae3bbaf60fb5168a999fc437640e4]
Mar-20 14:28:04.536 [Task submitter] DEBUG n.executor.local.LocalTaskHandler - Launch cmd line: /bin/bash -ue .command.run
Mar-20 14:28:04.544 [Task submitter] INFO  nextflow.Session - [0d/67fcc3] Submitted process > CONVERTTOUPPER (7)
Mar-20 14:28:04.569 [Task submitter] DEBUG n.executor.local.LocalTaskHandler - Launch cmd line: /bin/bash -ue .command.run
Mar-20 14:28:04.570 [Task submitter] INFO  nextflow.Session - [42/cba579] Submitted process > CONVERTTOUPPER (6)
Mar-20 14:28:04.571 [Task monitor] DEBUG n.processor.TaskPollingMonitor - Task completed > TaskHandler[id: 8; name: CONVERTTOUPPER (7); status: COMPLETED; exit: 0; error: -; workDir: /home/richel/GitHubs/nextflow_example_2/nf-training/work/0d/67fcc339b9a7a8fc68c978e231eb2e]
Mar-20 14:28:04.590 [Task submitter] DEBUG n.executor.local.LocalTaskHandler - Launch cmd line: /bin/bash -ue .command.run
Mar-20 14:28:04.593 [Task submitter] INFO  nextflow.Session - [cd/baa8d3] Submitted process > CONVERTTOUPPER (3)
Mar-20 14:28:04.593 [Task monitor] DEBUG n.processor.TaskPollingMonitor - Task completed > TaskHandler[id: 7; name: CONVERTTOUPPER (6); status: COMPLETED; exit: 0; error: -; workDir: /home/richel/GitHubs/nextflow_example_2/nf-training/work/42/cba57973f4e1cdeac7181107e1735c]
Mar-20 14:28:04.604 [Task submitter] DEBUG n.executor.local.LocalTaskHandler - Launch cmd line: /bin/bash -ue .command.run
Mar-20 14:28:04.622 [Task submitter] INFO  nextflow.Session - [8d/7096b3] Submitted process > CONVERTTOUPPER (2)
Mar-20 14:28:04.622 [Task monitor] DEBUG n.processor.TaskPollingMonitor - Task completed > TaskHandler[id: 4; name: CONVERTTOUPPER (3); status: COMPLETED; exit: 0; error: -; workDir: /home/richel/GitHubs/nextflow_example_2/nf-training/work/cd/baa8d365704b4cdb12451ac20a6533]
Mar-20 14:28:04.629 [Task submitter] DEBUG n.executor.local.LocalTaskHandler - Launch cmd line: /bin/bash -ue .command.run
Mar-20 14:28:04.630 [Task submitter] INFO  nextflow.Session - [f1/480177] Submitted process > CONVERTTOUPPER (4)
Mar-20 14:28:04.638 [Task submitter] DEBUG n.executor.local.LocalTaskHandler - Launch cmd line: /bin/bash -ue .command.run
Mar-20 14:28:04.639 [Task submitter] INFO  nextflow.Session - [06/25ec92] Submitted process > CONVERTTOUPPER (1)
Mar-20 14:28:04.647 [Task submitter] DEBUG n.executor.local.LocalTaskHandler - Launch cmd line: /bin/bash -ue .command.run
Mar-20 14:28:04.648 [Task submitter] INFO  nextflow.Session - [55/32a4a5] Submitted process > CONVERTTOUPPER (5)
Mar-20 14:28:04.657 [Task submitter] DEBUG n.executor.local.LocalTaskHandler - Launch cmd line: /bin/bash -ue .command.run
Mar-20 14:28:04.658 [Task submitter] INFO  nextflow.Session - [34/6a5412] Submitted process > CONVERTTOUPPER (8)
Mar-20 14:28:04.673 [Task monitor] DEBUG n.processor.TaskPollingMonitor - Task completed > TaskHandler[id: 5; name: CONVERTTOUPPER (4); status: COMPLETED; exit: 0; error: -; workDir: /home/richel/GitHubs/nextflow_example_2/nf-training/work/f1/480177e409724c6360d63d855178bd]
Mar-20 14:28:04.687 [Task monitor] DEBUG n.processor.TaskPollingMonitor - Task completed > TaskHandler[id: 3; name: CONVERTTOUPPER (2); status: COMPLETED; exit: 0; error: -; workDir: /home/richel/GitHubs/nextflow_example_2/nf-training/work/8d/7096b337da67abe7e828836e2f91ab]
Mar-20 14:28:04.699 [Task monitor] DEBUG n.processor.TaskPollingMonitor - Task completed > TaskHandler[id: 2; name: CONVERTTOUPPER (1); status: COMPLETED; exit: 0; error: -; workDir: /home/richel/GitHubs/nextflow_example_2/nf-training/work/06/25ec929a7edaf84312155ba4e0ca4d]
Mar-20 14:28:04.706 [Task monitor] DEBUG n.processor.TaskPollingMonitor - Task completed > TaskHandler[id: 6; name: CONVERTTOUPPER (5); status: COMPLETED; exit: 0; error: -; workDir: /home/richel/GitHubs/nextflow_example_2/nf-training/work/55/32a4a521b7cecaf3ac8366abe79d1d]
Mar-20 14:28:04.710 [Task monitor] DEBUG n.processor.TaskPollingMonitor - Task completed > TaskHandler[id: 9; name: CONVERTTOUPPER (8); status: COMPLETED; exit: 0; error: -; workDir: /home/richel/GitHubs/nextflow_example_2/nf-training/work/34/6a54124ef5d678e100ce7bd04acfb6]
Mar-20 14:28:04.712 [main] DEBUG nextflow.Session - Session await > all processes finished
Mar-20 14:28:04.714 [main] DEBUG nextflow.Session - Session await > all barriers passed
Mar-20 14:28:04.724 [main] DEBUG nextflow.trace.WorkflowStatsObserver - Workflow completed > WorkflowStats[succeededCount=9; failedCount=0; ignoredCount=0; cachedCount=0; pendingCount=0; submittedCount=0; runningCount=0; retriesCount=0; abortedCount=0; succeedDuration=114ms; failedDuration=0ms; cachedDuration=0ms;loadCpus=0; loadMemory=0; peakRunning=4; peakCpus=4; peakMemory=0; ]
Mar-20 14:28:04.886 [main] DEBUG nextflow.cache.CacheDB - Closing CacheDB done
Mar-20 14:28:04.912 [main] DEBUG nextflow.util.ThreadPoolManager - Thread pool 'FileTransfer' shutdown completed (hard=false)
Mar-20 14:28:04.912 [main] DEBUG nextflow.script.ScriptRunner - > Execution complete -- Goodbye
